app/build/intermediates/manifest_merge_blame_file/debug/manifest-merger-blame-debug-report.txt
1<?xml version="1.0" encoding="utf-8"?>
2<manifest xmlns:android="http://schemas.android.com/apk/res/android"
3    package="ir.kit.phonebook"
4    android:versionCode="1"
5    android:versionName="1.0" >
6
7    <uses-sdk
8        android:minSdkVersion="21"
8-->src\main\AndroidManifest.xml
9        android:targetSdkVersion="29" />
9-->src\main\AndroidManifest.xml
10
11    <uses-permission android:name="android.permission.INTERNET" />
11-->src\main\AndroidManifest.xml:5:5-67
11-->src\main\AndroidManifest.xml:5:22-64
12
13    <application
13-->src\main\AndroidManifest.xml:7:5-24:19
14        android:appComponentFactory="androidx.core.app.CoreComponentFactory"
14-->[androidx.core:core:1.2.0] AndroidManifest.xml:24:18-86
15        android:debuggable="true"
16        android:label="Kit PhoneBook"
16-->src\main\AndroidManifest.xml:9:13-42
17        android:testOnly="true"
18        android:theme="@style/AppTheme" >
18-->src\main\AndroidManifest.xml:8:13-44
19        <activity android:name="ir.kit.phonebook.LoginActivity" >
19-->src\main\AndroidManifest.xml:10:9-15:20
19-->src\main\AndroidManifest.xml:10:19-48
20            <intent-filter>
20-->src\main\AndroidManifest.xml:11:13-14:29
21                <action android:name="android.intent.action.MAIN" />
21-->src\main\AndroidManifest.xml:12:17-69
21-->src\main\AndroidManifest.xml:12:25-66
22
23                <category android:name="android.intent.category.LAUNCHER" />
23-->src\main\AndroidManifest.xml:13:17-77
23-->src\main\AndroidManifest.xml:13:27-74
24            </intent-filter>
25        </activity>
26        <activity
26-->src\main\AndroidManifest.xml:17:9-18:51
27            android:name="ir.kit.phonebook.MainActivity"
27-->src\main\AndroidManifest.xml:17:19-47
28            android:theme="@style/MainTheme" />
28-->src\main\AndroidManifest.xml:18:17-49
29        <activity android:name="ir.kit.phonebook.KitAccountDetailsActivity" />
29-->src\main\AndroidManifest.xml:20:9-63
29-->src\main\AndroidManifest.xml:20:19-60
30        <activity android:name="ir.kit.phonebook.AddAccountActivity" />
30-->src\main\AndroidManifest.xml:21:9-56
30-->src\main\AndroidManifest.xml:21:19-53
31        <activity android:name="ir.kit.phonebook.UpdateAccountActivity" />
31-->src\main\AndroidManifest.xml:22:9-59
31-->src\main\AndroidManifest.xml:22:19-56
32
33        <service
33-->[androidx.room:room-runtime:2.2.5] AndroidManifest.xml:25:9-28:40
34            android:name="androidx.room.MultiInstanceInvalidationService"
34-->[androidx.room:room-runtime:2.2.5] AndroidManifest.xml:26:13-74
35            android:directBootAware="true"
35-->[androidx.room:room-runtime:2.2.5] AndroidManifest.xml:27:13-43
36            android:exported="false" />
36-->[androidx.room:room-runtime:2.2.5] AndroidManifest.xml:28:13-37
37    </application>
38
39</manifest>